{"/home/dawid/Dawid/Projects/VideOps/bootstrap-app/bootstrap/modules/calculator.js":{"path":"/home/dawid/Dawid/Projects/VideOps/bootstrap-app/bootstrap/modules/calculator.js","statementMap":{"0":{"start":{"line":16,"column":4},"end":{"line":16,"column":17}},"1":{"start":{"line":25,"column":4},"end":{"line":25,"column":17}},"2":{"start":{"line":34,"column":4},"end":{"line":34,"column":17}},"3":{"start":{"line":43,"column":4},"end":{"line":43,"column":17}},"4":{"start":{"line":53,"column":4},"end":{"line":59,"column":5}},"5":{"start":{"line":54,"column":6},"end":{"line":54,"column":42}},"6":{"start":{"line":55,"column":11},"end":{"line":59,"column":5}},"7":{"start":{"line":56,"column":6},"end":{"line":56,"column":38}},"8":{"start":{"line":58,"column":6},"end":{"line":58,"column":15}},"9":{"start":{"line":62,"column":0},"end":{"line":62,"column":30}}},"fnMap":{"0":{"name":"(anonymous_0)","decl":{"start":{"line":15,"column":2},"end":{"line":15,"column":3}},"loc":{"start":{"line":15,"column":12},"end":{"line":17,"column":3}},"line":15},"1":{"name":"(anonymous_1)","decl":{"start":{"line":24,"column":2},"end":{"line":24,"column":3}},"loc":{"start":{"line":24,"column":17},"end":{"line":26,"column":3}},"line":24},"2":{"name":"(anonymous_2)","decl":{"start":{"line":33,"column":2},"end":{"line":33,"column":3}},"loc":{"start":{"line":33,"column":15},"end":{"line":35,"column":3}},"line":33},"3":{"name":"(anonymous_3)","decl":{"start":{"line":42,"column":2},"end":{"line":42,"column":3}},"loc":{"start":{"line":42,"column":17},"end":{"line":44,"column":3}},"line":42},"4":{"name":"(anonymous_4)","decl":{"start":{"line":52,"column":2},"end":{"line":52,"column":3}},"loc":{"start":{"line":52,"column":14},"end":{"line":60,"column":3}},"line":52}},"branchMap":{"0":{"loc":{"start":{"line":53,"column":4},"end":{"line":59,"column":5}},"type":"if","locations":[{"start":{"line":53,"column":4},"end":{"line":59,"column":5}},{"start":{"line":53,"column":4},"end":{"line":59,"column":5}}],"line":53},"1":{"loc":{"start":{"line":55,"column":11},"end":{"line":59,"column":5}},"type":"if","locations":[{"start":{"line":55,"column":11},"end":{"line":59,"column":5}},{"start":{"line":55,"column":11},"end":{"line":59,"column":5}}],"line":55}},"s":{"0":3,"1":4,"2":4,"3":3,"4":108,"5":1,"6":107,"7":103,"8":4,"9":1},"f":{"0":3,"1":4,"2":4,"3":3,"4":108},"b":{"0":[1,107],"1":[103,4]},"_coverageSchema":"1a1c01bbd47fc00a2c39e90264f33305004495a9","hash":"d8c6968fd31b414c0dadd0fca543414c63ee4a8b","contentHash":"4d9c0a1479017691ba7d447b86e19022c7a85256a21973f693b3ead055bb979f"}}